<?xml version="1.0" encoding="UTF-8" ?>
<testsuite tests="1" failures="0" name="com.alioo.format.FormatTest" time="0.157" errors="0" skipped="0">
  <properties>
    <property name="java.runtime.name" value="Java(TM) SE Runtime Environment"/>
    <property name="sun.boot.library.path" value="D:\programwork\jdk1.8.0_144\jre\bin"/>
    <property name="java.vm.version" value="25.144-b01"/>
    <property name="java.vm.vendor" value="Oracle Corporation"/>
    <property name="java.vendor.url" value="http://java.oracle.com/"/>
    <property name="path.separator" value=";"/>
    <property name="java.vm.name" value="Java HotSpot(TM) 64-Bit Server VM"/>
    <property name="file.encoding.pkg" value="sun.io"/>
    <property name="user.script" value=""/>
    <property name="user.country" value="CN"/>
    <property name="sun.java.launcher" value="SUN_STANDARD"/>
    <property name="sun.os.patch.level" value="Service Pack 1"/>
    <property name="java.vm.specification.name" value="Java Virtual Machine Specification"/>
    <property name="user.dir" value="E:\gitmyself\formateverythingutil"/>
    <property name="java.runtime.version" value="1.8.0_144-b01"/>
    <property name="java.awt.graphicsenv" value="sun.awt.Win32GraphicsEnvironment"/>
    <property name="basedir" value="E:\gitmyself\formateverythingutil"/>
    <property name="java.endorsed.dirs" value="D:\programwork\jdk1.8.0_144\jre\lib\endorsed"/>
    <property name="os.arch" value="amd64"/>
    <property name="surefire.real.class.path" value="C:\Users\LIUZHI~1\AppData\Local\Temp\surefirebooter4628253963633417269.jar"/>
    <property name="java.io.tmpdir" value="C:\Users\LIUZHI~1\AppData\Local\Temp\"/>
    <property name="line.separator" value="
"/>
    <property name="java.vm.specification.vendor" value="Oracle Corporation"/>
    <property name="user.variant" value=""/>
    <property name="os.name" value="Windows 7"/>
    <property name="sun.jnu.encoding" value="GBK"/>
    <property name="java.library.path" value="D:\programwork\jdk1.8.0_144\jre\bin;C:\Windows\Sun\Java\bin;C:\Windows\system32;C:\Windows;D:\programwork\jdk1.7.0_67\bin;D:\programwork\apache-maven-2.2.1\bin;D:\programwork\Anaconda;D:\programwork\Anaconda\Scripts;D:\programfiles\Git\bin;D:\programwork\jdk1.7.0_67\bin;C:\Windows\system32;C:\Windows;C:\Windows\System32\Wbem;C:\Windows\System32\WindowsPowerShell\v1.0\;D:\ProgramFiles\TortoiseGit\bin;D:\ProgramFiles\nodejs\;D:\ProgramFiles\TortoiseSVN\bin;C:\Users\liuzhichong\AppData\Roaming\npm;C:\Users\liuzhichong\AppData\Local\atom\bin;."/>
    <property name="surefire.test.class.path" value="E:\gitmyself\formateverythingutil\target\test-classes;E:\gitmyself\formateverythingutil\target\classes;D:\Maven-Repository\xerces\xercesImpl\2.9.1\xercesImpl-2.9.1.jar;D:\Maven-Repository\xml-apis\xml-apis\1.3.04\xml-apis-1.3.04.jar;D:\Maven-Repository\junit\junit\4.10\junit-4.10.jar;D:\Maven-Repository\org\hamcrest\hamcrest-core\1.1\hamcrest-core-1.1.jar;"/>
    <property name="java.specification.name" value="Java Platform API Specification"/>
    <property name="java.class.version" value="52.0"/>
    <property name="sun.management.compiler" value="HotSpot 64-Bit Tiered Compilers"/>
    <property name="os.version" value="6.1"/>
    <property name="user.home" value="C:\Users\liuzhichong"/>
    <property name="user.timezone" value=""/>
    <property name="java.awt.printerjob" value="sun.awt.windows.WPrinterJob"/>
    <property name="java.specification.version" value="1.8"/>
    <property name="file.encoding" value="GBK"/>
    <property name="user.name" value="liuzhichong"/>
    <property name="java.class.path" value="E:\gitmyself\formateverythingutil\target\test-classes;E:\gitmyself\formateverythingutil\target\classes;D:\Maven-Repository\xerces\xercesImpl\2.9.1\xercesImpl-2.9.1.jar;D:\Maven-Repository\xml-apis\xml-apis\1.3.04\xml-apis-1.3.04.jar;D:\Maven-Repository\junit\junit\4.10\junit-4.10.jar;D:\Maven-Repository\org\hamcrest\hamcrest-core\1.1\hamcrest-core-1.1.jar;"/>
    <property name="java.vm.specification.version" value="1.8"/>
    <property name="sun.arch.data.model" value="64"/>
    <property name="java.home" value="D:\programwork\jdk1.8.0_144\jre"/>
    <property name="sun.java.command" value="C:\Users\LIUZHI~1\AppData\Local\Temp\surefirebooter4628253963633417269.jar C:\Users\LIUZHI~1\AppData\Local\Temp\surefire2172270602374262992tmp C:\Users\LIUZHI~1\AppData\Local\Temp\surefire2157005303222380230tmp"/>
    <property name="java.specification.vendor" value="Oracle Corporation"/>
    <property name="user.language" value="zh"/>
    <property name="awt.toolkit" value="sun.awt.windows.WToolkit"/>
    <property name="java.vm.info" value="mixed mode"/>
    <property name="java.version" value="1.8.0_144"/>
    <property name="java.ext.dirs" value="D:\programwork\jdk1.8.0_144\jre\lib\ext;C:\Windows\Sun\Java\lib\ext"/>
    <property name="sun.boot.class.path" value="D:\programwork\jdk1.8.0_144\jre\lib\resources.jar;D:\programwork\jdk1.8.0_144\jre\lib\rt.jar;D:\programwork\jdk1.8.0_144\jre\lib\sunrsasign.jar;D:\programwork\jdk1.8.0_144\jre\lib\jsse.jar;D:\programwork\jdk1.8.0_144\jre\lib\jce.jar;D:\programwork\jdk1.8.0_144\jre\lib\charsets.jar;D:\programwork\jdk1.8.0_144\jre\lib\jfr.jar;D:\programwork\jdk1.8.0_144\jre\classes"/>
    <property name="java.vendor" value="Oracle Corporation"/>
    <property name="localRepository" value="D:\Maven-Repository"/>
    <property name="file.separator" value="\"/>
    <property name="java.vendor.url.bug" value="http://bugreport.sun.com/bugreport/"/>
    <property name="sun.cpu.endian" value="little"/>
    <property name="sun.io.unicode.encoding" value="UnicodeLittle"/>
    <property name="sun.desktop" value="windows"/>
    <property name="sun.cpu.isalist" value="amd64"/>
  </properties>
  <testcase classname="com.alioo.format.FormatTest" name="aaa" time="0.126"/>
</testsuite>